<?xml version="1.0" encoding="UTF-8"?>
<!-- Generated by org.testng.reporters.JUnitXMLReporter -->
<testsuite hostname="LAPTOP-UBQPUFNI" name="Default test" tests="10" failures="0" timestamp="20 Apr 2025 12:34:18 GMT" time="0.216" errors="0">
  <testcase name="testLogin" time="0.025" classname="testngpractice.Invaction"/>
  <testcase name="testLogin" time="0.003" classname="testngpractice.Invaction"/>
  <testcase name="testLogin" time="0.006" classname="testngpractice.Invaction"/>
  <testcase name="testLogin" time="0.002" classname="testngpractice.Invaction"/>
  <testcase name="testLogin" time="0.006" classname="testngpractice.Invaction"/>
  <testcase name="testLogin" time="0.06" classname="testngpractice.Invaction"/>
  <testcase name="testLogin" time="0.004" classname="testngpractice.Invaction"/>
  <testcase name="testLogin" time="0.001" classname="testngpractice.Invaction"/>
  <testcase name="testLogin" time="0.002" classname="testngpractice.Invaction"/>
  <testcase name="testLogin" time="0.003" classname="testngpractice.Invaction"/>
</testsuite> <!-- Default test -->
