<?xml version="1.0" encoding="UTF-8"?>
<!-- Generated by org.testng.reporters.JUnitXMLReporter -->
<testsuite hostname="LAPTOP-UBQPUFNI" name="chromeTest" tests="2" failures="0" timestamp="26 Jan 2025 17:49:11 GMT" time="157.509" errors="0">
  <testcase name="verifyDatePickerFuture" time="0.619" classname="com.qa.automationtesting.testcases.DateickerTest"/>
  <testcase name="verifyDatepicker2" time="1.155" classname="com.qa.automationtesting.testcases.DateickerTest"/>
</testsuite> <!-- chromeTest -->
