<?xml version="1.0" encoding="UTF-8"?>
<!-- Generated by org.testng.reporters.JUnitXMLReporter -->
<testsuite ignored="0" hostname="GSK-QA-065" failures="0" tests="2" name="edgeTest" time="5.953" errors="0" timestamp="2025-01-27T11:25:09 IST">
  <testcase classname="com.qa.automationtesting.testcases.DateickerTest" name="verifyDatePickerFuture" time="0.0">
    <skipped/>
  </testcase> <!-- verifyDatePickerFuture -->
  <testcase classname="com.qa.automationtesting.testcases.DateickerTest" name="verifyDatepicker2" time="0.0">
    <skipped/>
  </testcase> <!-- verifyDatepicker2 -->
</testsuite> <!-- edgeTest -->
