<?xml version="1.0" encoding="UTF-8"?>
<!-- Generated by org.testng.reporters.JUnitXMLReporter -->
<testsuite ignored="0" hostname="GSK-QA-065" failures="1" tests="1" name="Test" time="16.551" errors="0" timestamp="2025-02-17T09:22:30 IST">
  <testcase classname="com.qa.automationtesting.testcases.DynamicwebtableTest" name="verifyDynamicbtn" time="0.176">
    <failure type="java.lang.AssertionError" message="The following asserts failed:
	expected [START1] but found [START]">
      <![CDATA[java.lang.AssertionError: The following asserts failed:
expected [START1] but found [START]
at com.qa.automationtesting.testcases.DynamicwebtableTest.verifyDynamicbtn(DynamicwebtableTest.java:50)
at java.base/java.util.ArrayList.forEach(ArrayList.java:1511)
... Removed 29 stack frames]]>
    </failure>
  </testcase> <!-- verifyDynamicbtn -->
</testsuite> <!-- Test -->
