<?xml version="1.0" encoding="UTF-8"?>
<!-- Generated by org.testng.reporters.JUnitXMLReporter -->
<testsuite hostname="LAPTOP-UBQPUFNI" name="Test1" tests="3" failures="0" timestamp="23 Mar 2025 05:15:44 GMT" time="0.107" errors="0">
  <testcase name="verifylogin" time="0.014" classname="testngpractice.Groups"/>
  <testcase name="verifyHomepage" time="0.004" classname="testngpractice.Groups"/>
  <testcase name="addCartpage" time="0.003" classname="testngpractice.Groups"/>
</testsuite> <!-- Test1 -->
