<?xml version="1.0" encoding="UTF-8"?>
<!-- Generated by org.testng.reporters.JUnitXMLReporter -->
<testsuite ignored="0" hostname="GSK-QA-065" failures="1" tests="1" name="Test" time="12.112" errors="0" timestamp="2025-01-31T09:23:29 IST">
  <testcase classname="com.qa.automationtesting.testcases.ActionclassTest" name="lefttorighttest" time="1.46">
    <failure type="java.lang.AssertionError" message="expected [$246 - $300] but found [$247 - $300]">
      <![CDATA[java.lang.AssertionError: expected [$246 - $300] but found [$247 - $300]
at com.qa.automationtesting.testcases.ActionclassTest.lefttorighttest(ActionclassTest.java:32)
at java.base/java.util.ArrayList.forEach(ArrayList.java:1511)
... Removed 33 stack frames]]>
    </failure>
  </testcase> <!-- lefttorighttest -->
</testsuite> <!-- Test -->
