<?xml version="1.0" encoding="UTF-8"?>
<testng-results skipped="0" failed="1" total="1" passed="0">
  <reporter-output>
  </reporter-output>
  <suite name="Suite" duration-ms="22678" started-at="2025-02-23T05:36:32Z" finished-at="2025-02-23T05:36:55Z">
    <groups>
    </groups>
    <test name="Test" duration-ms="22678" started-at="2025-02-23T05:36:32Z" finished-at="2025-02-23T05:36:55Z">
      <class name="com.qa.automationtesting.testcases.Miscaleniuostest">
        <test-method status="PASS" signature="setup(java.lang.String)[pri:0, instance:com.qa.automationtesting.testcases.Miscaleniuostest@9f70c54]" name="setup" is-config="true" duration-ms="22556" started-at="2025-02-23T11:06:32Z" finished-at="2025-02-23T11:06:55Z">
          <params>
            <param index="0">
              <value>
                <![CDATA[chrome]]>
              </value>
            </param>
          </params>
          <reporter-output>
          </reporter-output>
        </test-method> <!-- setup -->
        <test-method status="FAIL" signature="verifySingleFileUpload()[pri:0, instance:com.qa.automationtesting.testcases.Miscaleniuostest@9f70c54]" name="verifySingleFileUpload" duration-ms="110" started-at="2025-02-23T11:06:55Z" finished-at="2025-02-23T11:06:55Z">
          <exception class="org.openqa.selenium.InvalidArgumentException">
            <message>
              <![CDATA[invalid argument: File not found : C:\Users\bapparayar\Downloads\Bapparaya 5yr automation (1).pdf
  (Session info: chrome=133.0.6943.126)
Build info: version: '4.8.3', revision: 'e5e76298c3'
System info: os.name: 'Windows 10', os.arch: 'amd64', os.version: '10.0', java.version: '1.8.0_361'
Driver info: org.openqa.selenium.chrome.ChromeDriver
Command: [d05563744b7d15e2083b94545e5d6424, sendKeysToElement {id=f.B56517EFD1A0EE438C9B6481AA1DE052.d.3189E2BD200D5FB5AE80B7D4290926DB.e.71, value=[Ljava.lang.CharSequence;@6f8e0cee}]
Capabilities {acceptInsecureCerts: false, browserName: chrome, browserVersion: 133.0.6943.126, chrome: {chromedriverVersion: 133.0.6943.126 (cffa127ce7b..., userDataDir: C:\Users\BAPPAR~1\AppData\L...}, fedcm:accounts: true, goog:chromeOptions: {debuggerAddress: localhost:63744}, networkConnectionEnabled: false, pageLoadStrategy: normal, platformName: WINDOWS, proxy: Proxy(), se:cdp: ws://localhost:63744/devtoo..., se:cdpVersion: 133.0.6943.126, setWindowRect: true, strictFileInteractability: false, timeouts: {implicit: 0, pageLoad: 300000, script: 30000}, unhandledPromptBehavior: dismiss and notify, webauthn:extension:credBlob: true, webauthn:extension:largeBlob: true, webauthn:extension:minPinLength: true, webauthn:extension:prf: true, webauthn:virtualAuthenticators: true}
Element: [[ChromeDriver: chrome on WINDOWS (d05563744b7d15e2083b94545e5d6424)] -> id: singleFileInput]
Session ID: d05563744b7d15e2083b94545e5d6424]]>
            </message>
            <full-stacktrace>
              <![CDATA[org.openqa.selenium.InvalidArgumentException: invalid argument: File not found : C:\Users\bapparayar\Downloads\Bapparaya 5yr automation (1).pdf
  (Session info: chrome=133.0.6943.126)
Build info: version: '4.8.3', revision: 'e5e76298c3'
System info: os.name: 'Windows 10', os.arch: 'amd64', os.version: '10.0', java.version: '1.8.0_361'
Driver info: org.openqa.selenium.chrome.ChromeDriver
Command: [d05563744b7d15e2083b94545e5d6424, sendKeysToElement {id=f.B56517EFD1A0EE438C9B6481AA1DE052.d.3189E2BD200D5FB5AE80B7D4290926DB.e.71, value=[Ljava.lang.CharSequence;@6f8e0cee}]
Capabilities {acceptInsecureCerts: false, browserName: chrome, browserVersion: 133.0.6943.126, chrome: {chromedriverVersion: 133.0.6943.126 (cffa127ce7b..., userDataDir: C:\Users\BAPPAR~1\AppData\L...}, fedcm:accounts: true, goog:chromeOptions: {debuggerAddress: localhost:63744}, networkConnectionEnabled: false, pageLoadStrategy: normal, platformName: WINDOWS, proxy: Proxy(), se:cdp: ws://localhost:63744/devtoo..., se:cdpVersion: 133.0.6943.126, setWindowRect: true, strictFileInteractability: false, timeouts: {implicit: 0, pageLoad: 300000, script: 30000}, unhandledPromptBehavior: dismiss and notify, webauthn:extension:credBlob: true, webauthn:extension:largeBlob: true, webauthn:extension:minPinLength: true, webauthn:extension:prf: true, webauthn:virtualAuthenticators: true}
Element: [[ChromeDriver: chrome on WINDOWS (d05563744b7d15e2083b94545e5d6424)] -> id: singleFileInput]
Session ID: d05563744b7d15e2083b94545e5d6424
	at sun.reflect.NativeConstructorAccessorImpl.newInstance0(Native Method)
	at sun.reflect.NativeConstructorAccessorImpl.newInstance(Unknown Source)
	at sun.reflect.DelegatingConstructorAccessorImpl.newInstance(Unknown Source)
	at java.lang.reflect.Constructor.newInstance(Unknown Source)
	at org.openqa.selenium.remote.codec.w3c.W3CHttpResponseCodec.createException(W3CHttpResponseCodec.java:200)
	at org.openqa.selenium.remote.codec.w3c.W3CHttpResponseCodec.decode(W3CHttpResponseCodec.java:133)
	at org.openqa.selenium.remote.codec.w3c.W3CHttpResponseCodec.decode(W3CHttpResponseCodec.java:53)
	at org.openqa.selenium.remote.HttpCommandExecutor.execute(HttpCommandExecutor.java:193)
	at org.openqa.selenium.remote.service.DriverCommandExecutor.invokeExecute(DriverCommandExecutor.java:183)
	at org.openqa.selenium.remote.service.DriverCommandExecutor.execute(DriverCommandExecutor.java:158)
	at org.openqa.selenium.remote.RemoteWebDriver.execute(RemoteWebDriver.java:543)
	at org.openqa.selenium.remote.RemoteWebElement.execute(RemoteWebElement.java:257)
	at org.openqa.selenium.remote.RemoteWebElement.sendKeys(RemoteWebElement.java:113)
	at sun.reflect.NativeMethodAccessorImpl.invoke0(Native Method)
	at sun.reflect.NativeMethodAccessorImpl.invoke(Unknown Source)
	at sun.reflect.DelegatingMethodAccessorImpl.invoke(Unknown Source)
	at java.lang.reflect.Method.invoke(Unknown Source)
	at org.openqa.selenium.support.pagefactory.internal.LocatingElementHandler.invoke(LocatingElementHandler.java:52)
	at com.sun.proxy.$Proxy17.sendKeys(Unknown Source)
	at com.qa.automationtesting.pages.Miscaleniuospage.singleFileUpload(Miscaleniuospage.java:26)
	at com.qa.automationtesting.testcases.Miscaleniuostest.verifySingleFileUpload(Miscaleniuostest.java:27)
	at sun.reflect.NativeMethodAccessorImpl.invoke0(Native Method)
	at sun.reflect.NativeMethodAccessorImpl.invoke(Unknown Source)
	at sun.reflect.DelegatingMethodAccessorImpl.invoke(Unknown Source)
	at java.lang.reflect.Method.invoke(Unknown Source)
	at org.testng.internal.MethodInvocationHelper.invokeMethod(MethodInvocationHelper.java:86)
	at org.testng.internal.Invoker.invokeMethod(Invoker.java:645)
	at org.testng.internal.Invoker.invokeTestMethod(Invoker.java:822)
	at org.testng.internal.Invoker.invokeTestMethods(Invoker.java:1130)
	at org.testng.internal.TestMethodWorker.invokeTestMethods(TestMethodWorker.java:129)
	at org.testng.internal.TestMethodWorker.run(TestMethodWorker.java:112)
	at org.testng.TestRunner.privateRun(TestRunner.java:782)
	at org.testng.TestRunner.run(TestRunner.java:632)
	at org.testng.SuiteRunner.runTest(SuiteRunner.java:366)
	at org.testng.SuiteRunner.runSequentially(SuiteRunner.java:361)
	at org.testng.SuiteRunner.privateRun(SuiteRunner.java:319)
	at org.testng.SuiteRunner.run(SuiteRunner.java:268)
	at org.testng.SuiteRunnerWorker.runSuite(SuiteRunnerWorker.java:52)
	at org.testng.SuiteRunnerWorker.run(SuiteRunnerWorker.java:86)
	at org.testng.TestNG.runSuitesSequentially(TestNG.java:1244)
	at org.testng.TestNG.runSuitesLocally(TestNG.java:1169)
	at org.testng.TestNG.run(TestNG.java:1064)
	at org.testng.remote.RemoteTestNG.run(RemoteTestNG.java:113)
	at org.testng.remote.RemoteTestNG.initAndRun(RemoteTestNG.java:206)
	at org.testng.remote.RemoteTestNG.main(RemoteTestNG.java:177)
]]>
            </full-stacktrace>
          </exception> <!-- org.openqa.selenium.InvalidArgumentException -->
          <reporter-output>
          </reporter-output>
        </test-method> <!-- verifySingleFileUpload -->
        <test-method status="PASS" signature="tearDown()[pri:0, instance:com.qa.automationtesting.testcases.Miscaleniuostest@9f70c54]" name="tearDown" is-config="true" duration-ms="0" started-at="2025-02-23T11:06:55Z" finished-at="2025-02-23T11:06:55Z">
          <reporter-output>
          </reporter-output>
        </test-method> <!-- tearDown -->
      </class> <!-- com.qa.automationtesting.testcases.Miscaleniuostest -->
    </test> <!-- Test -->
  </suite> <!-- Suite -->
</testng-results>
